12:55:38.417 [main] INFO  org.testng.internal.Utils -%PARSER_ERROR[kvp]- [TestNG] Running:
  C:\Users\Tetiana\AppData\Local\JetBrains\IdeaIC2024.3\temp-testng-customsuite.xml

12:55:41.777 [main] INFO  com.homework.tests.TestBase -%PARSER_ERROR[kvp]- Start test: fileUploadTest
12:55:41.793 [main] INFO  com.homework.utils.MyListener -%PARSER_ERROR[kvp]- The locator will find By.cssSelector: a[href='/upload']
12:55:41.793 [main] INFO  com.homework.utils.MyListener -%PARSER_ERROR[kvp]- *********************************
12:55:41.820 [main] INFO  com.homework.utils.MyListener -%PARSER_ERROR[kvp]- The locator is By.cssSelector: a[href='/upload']
12:55:41.820 [main] INFO  com.homework.utils.MyListener -%PARSER_ERROR[kvp]- *********************************
12:55:42.140 [main] INFO  com.homework.utils.MyListener -%PARSER_ERROR[kvp]- The locator will find By.cssSelector: file-upload
12:55:42.140 [main] INFO  com.homework.utils.MyListener -%PARSER_ERROR[kvp]- *********************************
12:55:52.195 [main] INFO  com.homework.utils.MyListener -%PARSER_ERROR[kvp]- Test has a problem
12:55:52.195 [main] INFO  com.homework.utils.MyListener -%PARSER_ERROR[kvp]- *********************************
12:55:52.195 [main] INFO  com.homework.utils.MyListener -%PARSER_ERROR[kvp]- Method --> findElement
12:55:52.195 [main] INFO  com.homework.utils.MyListener -%PARSER_ERROR[kvp]- *********************************
12:55:52.197 [main] INFO  com.homework.utils.MyListener -%PARSER_ERROR[kvp]- TargetException --> org.openqa.selenium.NoSuchElementException: no such element: Unable to locate element: {"method":"css selector","selector":"file-upload"}
  (Session info: chrome=138.0.7204.98)
For documentation on this error, please visit: https://www.selenium.dev/documentation/webdriver/troubleshooting/errors#no-such-element-exception
Build info: version: '4.26.0', revision: '8ccf0219d7'
System info: os.name: 'Windows 11', os.arch: 'amd64', os.version: '10.0', java.version: '17.0.12'
Driver info: org.openqa.selenium.chrome.ChromeDriver
Command: [818745c31550d5c15109043197dde4b0, findElement {using=css selector, value=file-upload}]
Capabilities {acceptInsecureCerts: false, browserName: chrome, browserVersion: 138.0.7204.98, chrome: {chromedriverVersion: 138.0.7204.97 (14f98e519099..., userDataDir: C:\Users\Tetiana\AppData\Lo...}, fedcm:accounts: true, goog:chromeOptions: {debuggerAddress: localhost:56739}, networkConnectionEnabled: false, pageLoadStrategy: normal, platformName: windows, proxy: Proxy(), se:cdp: ws://localhost:56739/devtoo..., se:cdpVersion: 138.0.7204.98, setWindowRect: true, strictFileInteractability: false, timeouts: {implicit: 0, pageLoad: 300000, script: 30000}, unhandledPromptBehavior: dismiss and notify, webauthn:extension:credBlob: true, webauthn:extension:largeBlob: true, webauthn:extension:minPinLength: true, webauthn:extension:prf: true, webauthn:virtualAuthenticators: true}
Session ID: 818745c31550d5c15109043197dde4b0
12:55:52.197 [main] INFO  com.homework.utils.MyListener -%PARSER_ERROR[kvp]- *********************************
12:55:52.197 [main] INFO  com.homework.utils.MyListener -%PARSER_ERROR[kvp]- Object target --> ChromeDriver: chrome on windows (818745c31550d5c15109043197dde4b0)
12:55:52.197 [main] INFO  com.homework.utils.MyListener -%PARSER_ERROR[kvp]- *********************************
12:55:52.361 [main] ERROR com.homework.tests.TestBase -%PARSER_ERROR[kvp]- Test result: FAILED fileUploadTest
